2016-12-10 开启--------------------
16:08:31:315 版本:V7.30
16:08:49:982 获取zhb.zip并解压
16:08:49:984 更新C:\BDY\gs\new_tdx\zdcomte.dat
00:09:25:636 系统时间:16:09->00:09
2016-12-11 00:09:29 关闭-----------

2016-12-11 开启--------------------
00:09:29:336 版本:V7.30
2016-12-11 开启--------------------
00:17:45:977 版本:V7.30
2016-12-11 00:34:32 关闭-----------

2016-12-11 开启--------------------
00:48:27:787 版本:V7.30
10:07:18:500 恢复,上次休眠时间:2016-12-11,01:08
2016-12-11 10:07:26 关闭-----------

2016-12-11 开启--------------------
10:07:26:840 版本:V7.30
2016-12-11 10:29:57 关闭-----------

2016-12-11 开启--------------------
11:08:21:445 版本:V7.30
2016-12-11 11:50:03 关闭-----------

2016-12-11 开启--------------------
22:58:53:507 版本:V7.30
2016-12-11 22:59:49 关闭-----------

2016-12-31 开启--------------------
00:08:45:677 版本:V7.30
00:09:03:347 获取zhb.zip并解压
00:09:03:347 更新C:\BDY\gs\new_tdx\zdcomte.dat
2016-12-31 开启--------------------
00:20:29:035 版本:V7.30
2016-12-31 开启--------------------
01:35:34:906 版本:V7.30
2016-12-31 02:27:29 关闭-----------

2016-12-31 开启--------------------
23:14:12:720 版本:V7.30
2016-12-31 23:49:01 关闭-----------

2017-01-01 开启--------------------
12:36:08:017 版本:V7.30
2017-01-01 22:09:50 关闭-----------

2017-01-01 开启--------------------
22:14:19:088 版本:V7.30
07:46:47:423 恢复,上次休眠时间:2017-01-01,22:49
2017-01-02 07:47:16 关闭-----------

2017-01-02 开启--------------------
07:47:16:890 版本:V7.30
08:50:17:515 获取zhb.zip并解压
08:50:17:517 更新C:\BDY\gs\new_tdx\zdcomte.dat
2017-01-02 开启--------------------
10:08:07:232 版本:V7.30
2017-01-02 11:46:28 关闭-----------

2017-01-02 开启--------------------
18:48:44:535 版本:V7.30
2017-01-02 19:36:14 关闭-----------

2017-01-07 开启--------------------
09:57:41:030 版本:V7.30
09:57:47:189 获取zhb.zip并解压
09:57:47:189 更新C:\BDY\gs\new_tdx\zdcomte.dat
2017-01-07 10:15:36 关闭-----------

2017-01-08 开启--------------------
10:19:08:042 版本:V7.30
2017-01-08 10:38:12 关闭-----------

2017-01-08 开启--------------------
15:03:18:086 版本:V7.30
2017-01-11 开启--------------------
22:11:49:564 版本:V7.30
22:12:08:916 获取zhb.zip并解压
22:12:08:920 更新E:\gs\new_tdx\zdcomte.dat
2017-01-11 22:21:17 关闭-----------

2017-01-15 开启--------------------
19:17:54:539 版本:V7.30
19:18:21:589 获取zhb.zip并解压
19:18:21:745 更新E:\gs\new_tdx\zdcomte.dat
2017-01-15 19:58:52 关闭-----------

